[backblue.gif]
[fade.gif]
[index.html]
[localhost/the art creatives/index.php/feed/index.html]
[localhost/the art creatives/index.php/comments/feed/index.html]
[localhost/the art creatives/wp-includes/js/jquery/jquery.minf43b.js]
[localhost/the art creatives/wp-includes/js/jquery/jquery-migrate.min5589.js]
[localhost/the art creatives/index.php/wp-json/index.html]
[localhost/the art creatives/index.php/wp-json/wp/v2/pages/24.json]
[localhost/the art creatives/xmlrpc0db0.php]
[localhost/the art creatives/index.php/wp-json/oembed/1.0/embed65e2.json]
[localhost/the art creatives/index.php/wp-json/oembed/1.0/embed8cf4]
[localhost/the art creatives/wp-content/uploads/2024/06/horizontal-transparent-small-1.png]
[localhost/the art creatives/wp-content/uploads/2024/06/Group-89.png]
[localhost/the art creatives/wp-content/uploads/2024/06/Frame-3-2.png]
[localhost/the art creatives/wp-content/uploads/2024/06/Frame-4-1.png]
[localhost/the art creatives/wp-content/uploads/2024/06/Frame-5-1.png]
[localhost/the art creatives/wp-content/uploads/2024/06/testmonail-img.png-2.png]
[localhost/the art creatives/wp-content/uploads/2024/06/Mask-group-14.png]
[localhost/the art creatives/wp-content/uploads/2024/06/Mask-group-15.png]
[localhost/the art creatives/wp-content/uploads/2024/06/Mask-group-16.png]
[localhost/the art creatives/wp-content/uploads/2024/06/Mask-group-17.png]
[localhost/the art creatives/wp-content/uploads/2024/06/Mask-group-18.png]
[localhost/the art creatives/wp-content/uploads/2024/06/Mask-group-19.png]
[localhost/the art creatives/wp-content/uploads/2024/06/Rectangle-5-1.png]
[localhost/the art creatives/wp-content/uploads/2024/06/Rectangle-6-1.png]
[localhost/the art creatives/wp-content/uploads/2024/06/Rectangle-7-2-1.png]
[localhost/the art creatives/wp-content/uploads/2024/06/Rectangle-8-1.png]
[localhost/the art creatives/wp-content/uploads/2024/06/Rectangle-9-1.png]
[localhost/the art creatives/wp-content/uploads/2024/06/Rectangle-10-1.png]
[localhost/the art creatives/wp-content/uploads/2024/06/Rectangle-11-1.png]
[localhost/the art creatives/wp-content/uploads/2024/06/Rectangle-12-2.png]
[localhost/the art creatives/wp-content/uploads/2024/06/Rectangle-13-1.png]
[localhost/the art creatives/wp-content/uploads/2024/06/Rectangle-14-1-1.png]
[localhost/the art creatives/wp-content/uploads/2024/06/Rectangle-15-2-1.png]
[localhost/the art creatives/wp-content/uploads/2024/06/Rectangle-16-1-1.png]
[localhost/the art creatives/wp-content/uploads/2024/06/Capture22111.jpg]
[localhost/the art creatives/wp-content/uploads/2024/06/Capture.jpg]
[localhost/the art creatives/wp-content/uploads/2024/06/Ellipse-21.png]
[localhost/the art creatives/wp-content/uploads/2024/06/Rectangle-3.png]
[localhost/the art creatives/wp-content/uploads/2024/06/horizontal-transparent-small-1-1-1.png]
[localhost/the art creatives/wp-content/themes/designocracy/assets/js/hello-frontend.min8a54.js]
[localhost/the art creatives/wp-content/plugins/elementor-pro/assets/lib/smartmenus/jquery.smartmenus.min1576.js]
[localhost/the art creatives/wp-content/plugins/elementor/assets/lib/jquery-numerator/jquery-numerator.min3958.js]
[localhost/the art creatives/wp-includes/js/imagesloaded.minbb93.js]
[localhost/the art creatives/wp-content/plugins/elementor-pro/assets/js/webpack-pro.runtime.min4d52.js]
[localhost/the art creatives/wp-content/plugins/elementor/assets/js/webpack.runtime.minb5c8.js]
[localhost/the art creatives/wp-content/plugins/elementor/assets/js/frontend-modules.minb5c8.js]
[localhost/the art creatives/wp-includes/js/dist/hooks.min4fdd.js]
[localhost/the art creatives/wp-includes/js/dist/i18n.minc33c.js]
[localhost/the art creatives/wp-content/plugins/elementor-pro/assets/js/frontend.min4d52.js]
[localhost/the art creatives/wp-content/plugins/elementor/assets/lib/waypoints/waypoints.min05da.js]
[localhost/the art creatives/wp-includes/js/jquery/ui/core.minb37e.js]
[localhost/the art creatives/wp-content/plugins/elementor/assets/js/frontend.minb5c8.js]
[localhost/the art creatives/wp-content/plugins/elementor-pro/assets/js/elements-handlers.min4d52.js]
[localhost/the art creatives/index.html]
[localhost/the art creatives/wp-content/themes/designocracy-child/style8528.css]
[localhost/the art creatives/wp-content/themes/designocracy/style.minc141.css]
[localhost/the art creatives/wp-content/themes/designocracy/theme.minc141.css]
[localhost/the art creatives/wp-content/plugins/elementor/assets/css/frontend-lite.minb5c8.css]
[localhost/the art creatives/wp-content/uploads/elementor/css/post-90774.css]
[localhost/the art creatives/wp-content/plugins/elementor/assets/lib/swiper/v8/css/swiper.min94a4.css]
[localhost/the art creatives/wp-content/plugins/elementor-pro/assets/css/frontend-lite.min4d52.css]
[localhost/the art creatives/wp-content/uploads/elementor/css/global0774.css]
[localhost/the art creatives/wp-content/uploads/2024/06/Rectangle-2_page-0001.jpg]
[localhost/the art creatives/wp-content/uploads/2024/06/Rectangle-4-2.png]
[localhost/the art creatives/wp-content/uploads/elementor/css/post-2429d8.css]
[localhost/the art creatives/wp-content/uploads/elementor/css/post-195333.css]
[localhost/the art creatives/wp-content/uploads/elementor/css/post-28936d8.css]
[localhost/the art creatives/wp-content/plugins/elementor-pro/assets/css/widget-nav-menu.min.css]
[localhost/the art creatives/wp-content/plugins/elementor-pro/assets/css/widget-loop-builder.min.css]
[localhost/the art creatives/wp-content/plugins/elementor-pro/assets/css/widget-carousel.min.css]
[localhost/the art creatives/wp-content/plugins/elementor/assets/css/widget-icon-list.min.css]
[localhost/the art creatives/wp-content/themes/designocracy-child/custom0533.html]
[localhost/the art creatives/wp-content/uploads/2024/06/Rectangle-2_page-0001.jpg]
