[backblue.gif]
[fade.gif]
[index.html]
[localhost/Elite Nutrition/index.php/feed/index.html]
[localhost/Elite Nutrition/index.php/comments/feed/index.html]
[localhost/Elite Nutrition/wp-includes/js/jquery/jquery.minf43b.js]
[localhost/Elite Nutrition/wp-includes/js/jquery/jquery-migrate.min5589.js]
[localhost/Elite Nutrition/index.php/wp-json/index.html]
[localhost/Elite Nutrition/index.php/wp-json/wp/v2/pages/39.json]
[localhost/Elite Nutrition/xmlrpc0db0.php]
[localhost/Elite Nutrition/index.php/wp-json/oembed/1.0/embedbf4e.json]
[localhost/Elite Nutrition/index.php/wp-json/oembed/1.0/embed8294]
[localhost/Elite Nutrition/wp-content/uploads/2025/01/elite-Icon-1.png]
[localhost/Elite Nutrition/wp-content/uploads/2025/01/Link.png]
[localhost/Elite Nutrition/wp-content/uploads/2025/01/Group-2-1.png]
[localhost/Elite Nutrition/wp-content/uploads/2025/01/material-symbols_login-rounded.png]
[localhost/Elite Nutrition/wp-content/uploads/2025/02/Group-42-4.png]
[localhost/Elite Nutrition/wp-content/uploads/2025/02/Group-38-1.png]
[localhost/Elite Nutrition/wp-content/uploads/2025/02/Group-40-2.png]
[localhost/Elite Nutrition/wp-content/uploads/2025/02/Group-41.png]
[localhost/Elite Nutrition/wp-content/uploads/2025/01/image-1.png]
[localhost/Elite Nutrition/wp-content/uploads/2025/01/image-2.png]
[localhost/Elite Nutrition/wp-content/uploads/2025/01/image-3.png]
[localhost/Elite Nutrition/wp-content/uploads/2025/01/image-4.png]
[localhost/Elite Nutrition/wp-content/uploads/2025/02/Group-80.png]
[localhost/Elite Nutrition/wp-content/uploads/2025/02/Section.png]
[localhost/Elite Nutrition/wp-content/uploads/2025/02/EN-white-2.png]
[localhost/Elite Nutrition/wp-content/themes/designocracy/assets/js/hello-frontend.min8a54.js]
[localhost/Elite Nutrition/wp-content/plugins/elementor/assets/lib/e-gallery/js/e-gallery.min7359.js]
[localhost/Elite Nutrition/wp-content/plugins/elementor/assets/lib/swiper/v8/swiper.min94a4.js]
[localhost/Elite Nutrition/wp-includes/js/imagesloaded.minbb93.js]
[localhost/Elite Nutrition/wp-content/plugins/elementor-pro/assets/lib/smartmenus/jquery.smartmenus.minf269.js]
[localhost/Elite Nutrition/wp-content/plugins/elementor-pro/assets/js/webpack-pro.runtime.minac9e.js]
[localhost/Elite Nutrition/wp-content/plugins/elementor/assets/js/webpack.runtime.mine92f.js]
[localhost/Elite Nutrition/wp-content/plugins/elementor/assets/js/frontend-modules.mine92f.js]
[localhost/Elite Nutrition/wp-includes/js/dist/hooks.min4fdd.js]
[localhost/Elite Nutrition/wp-includes/js/dist/i18n.minc33c.js]
[localhost/Elite Nutrition/wp-content/plugins/elementor-pro/assets/js/frontend.minac9e.js]
[localhost/Elite Nutrition/wp-includes/js/jquery/ui/core.minb37e.js]
[localhost/Elite Nutrition/wp-content/plugins/elementor/assets/js/frontend.mine92f.js]
[localhost/Elite Nutrition/wp-content/plugins/elementor-pro/assets/js/preloaded-elements-handlers.minac9e.js]
[localhost/Elite Nutrition/index.html]
[localhost/Elite Nutrition/wp-content/themes/designocracy-child/stylebf78.css]
[localhost/Elite Nutrition/wp-content/themes/designocracy/style.minc141.css]
[localhost/Elite Nutrition/wp-content/themes/designocracy/theme.minc141.css]
[localhost/Elite Nutrition/wp-content/plugins/elementor/assets/css/frontend.mine92f.css]
[localhost/Elite Nutrition/wp-content/uploads/elementor/css/post-8e78a.css]
[localhost/Elite Nutrition/wp-content/plugins/elementor/assets/lib/eicons/fonts/eicons6feb.eot]
[localhost/Elite Nutrition/wp-content/plugins/elementor/assets/lib/eicons/fonts/eicons6feb.woff2]
[localhost/Elite Nutrition/wp-content/plugins/elementor/assets/lib/eicons/fonts/eicons6feb.woff]
[localhost/Elite Nutrition/wp-content/plugins/elementor/assets/lib/eicons/fonts/eicons6feb.ttf]
[localhost/Elite Nutrition/wp-content/plugins/elementor/assets/lib/eicons/css/elementor-icons.minf25c.css]
[localhost/Elite Nutrition/wp-content/plugins/elementor-pro/assets/css/frontend.minac9e.css]
[localhost/Elite Nutrition/wp-content/plugins/elementor/assets/css/widget-heading.mine92f.css]
[localhost/Elite Nutrition/wp-content/plugins/elementor/assets/lib/e-gallery/css/e-gallery.min7359.css]
[localhost/Elite Nutrition/wp-content/plugins/elementor/assets/lib/swiper/v8/css/swiper.min94a4.css]
[localhost/Elite Nutrition/wp-content/plugins/elementor/assets/css/conditionals/e-swiper.mine92f.css]
[localhost/Elite Nutrition/wp-content/plugins/elementor/assets/css/widget-image-carousel.mine92f.css]
[localhost/Elite Nutrition/wp-content/plugins/elementor/assets/css/widget-image.mine92f.css]
[localhost/Elite Nutrition/wp-content/uploads/2025/01/Layer_1-3.png]
[localhost/Elite Nutrition/wp-content/uploads/2025/02/Hero-Visual-2.png]
[localhost/Elite Nutrition/wp-content/uploads/elementor/css/post-39436f.css]
[localhost/Elite Nutrition/wp-content/uploads/elementor/css/post-11a905.css]
[localhost/Elite Nutrition/wp-content/uploads/elementor/css/post-316d74b.css]
[localhost/Elite Nutrition/wp-content/plugins/elementor/assets/lib/font-awesome/css/fontawesome.min52d5.css]
[localhost/Elite Nutrition/wp-content/plugins/elementor/assets/lib/font-awesome/webfonts/fa-solid-900.eot]
[localhost/Elite Nutrition/wp-content/plugins/elementor/assets/lib/font-awesome/webfonts/fa-solid-900.woff2]
[localhost/Elite Nutrition/wp-content/plugins/elementor/assets/lib/font-awesome/webfonts/fa-solid-900d41d.eot]
[localhost/Elite Nutrition/wp-content/plugins/elementor/assets/lib/font-awesome/webfonts/fa-solid-900.woff]
[localhost/Elite Nutrition/wp-content/plugins/elementor/assets/lib/font-awesome/webfonts/fa-solid-900.ttf]
[localhost/Elite Nutrition/wp-content/plugins/elementor/assets/lib/font-awesome/css/solid.min52d5.css]
[localhost/Elite Nutrition/wp-content/plugins/elementor/assets/css/widget-icon-list.mine92f.css]
[localhost/Elite Nutrition/wp-content/themes/designocracy-child/custom378d.html]
[localhost/Elite Nutrition/wp-content/plugins/elementor/assets/lib/eicons/fonts/eicons6feb.svg]
[localhost/Elite Nutrition/wp-content/plugins/elementor/assets/lib/font-awesome/webfonts/fa-solid-900.svg]
