[backblue.gif]
[fade.gif]
[index.html]
[localhost/bianckes/index.php/feed/index.html]
[localhost/bianckes/index.php/comments/feed/index.html]
[localhost/bianckes/wp-includes/js/jquery/jquery.minf43b.js]
[localhost/bianckes/wp-includes/js/jquery/jquery-migrate.min5589.js]
[localhost/bianckes/index.php/wp-json/index.html]
[localhost/bianckes/index.php/wp-json/wp/v2/pages/21.json]
[localhost/bianckes/xmlrpc0db0.php]
[localhost/bianckes/index.php/wp-json/oembed/1.0/embedda7e.json]
[localhost/bianckes/index.php/wp-json/oembed/1.0/embedfcc5]
[localhost/bianckes/wp-content/uploads/2024/04/Bianckes-1.png]
[localhost/bianckes/wp-content/uploads/2024/04/Rectangle-4-1.png]
[localhost/bianckes/wp-content/uploads/2024/04/unsplash_83FN4F75NUw.png]
[localhost/bianckes/wp-content/uploads/2024/04/Group-72-3.png]
[localhost/bianckes/wp-content/uploads/2024/04/top.png]
[localhost/bianckes/wp-content/uploads/2024/04/Group-34-1-1.png]
[localhost/bianckes/wp-content/uploads/2024/04/Group-19-2.png]
[localhost/bianckes/wp-content/uploads/2024/04/Line-3-1.png]
[localhost/bianckes/wp-content/uploads/2024/04/target-1.png]
[localhost/bianckes/wp-content/uploads/2024/04/vision-1.png]
[localhost/bianckes/wp-content/uploads/2024/04/bottom.png]
[localhost/bianckes/wp-content/uploads/2024/04/Group-19-3.png]
[localhost/bianckes/wp-content/uploads/2024/04/Group-25.png]
[localhost/bianckes/wp-content/uploads/2024/04/unnamed-4-1.png]
[localhost/bianckes/wp-content/uploads/2024/04/pngwing-3.png]
[localhost/bianckes/wp-content/uploads/2024/04/Group-42.png]
[localhost/bianckes/wp-content/uploads/2024/04/Group-19-4.png]
[localhost/bianckes/wp-content/uploads/2024/04/unnamed-4-2.png]
[localhost/bianckes/wp-content/uploads/2024/04/Group-71.png]
[localhost/bianckes/wp-content/uploads/2024/04/Group-42-1.png]
[localhost/bianckes/wp-content/uploads/2024/04/top1.png]
[localhost/bianckes/wp-content/uploads/2024/04/Group-19-5.png]
[localhost/bianckes/wp-content/uploads/2024/04/unsplash_88ulj48pGss.png]
[localhost/bianckes/wp-content/uploads/2024/04/unsplash_NVKKoqXZSfs.png]
[localhost/bianckes/wp-content/uploads/2024/04/unsplash_J5gCN5EMpLM.png]
[localhost/bianckes/wp-content/uploads/2024/04/bottom1.png]
[localhost/bianckes/wp-content/uploads/2024/04/Group-68.png]
[localhost/bianckes/wp-content/uploads/2024/04/Bianckes-1-1.png]
[localhost/bianckes/wp-content/themes/designocracy/assets/js/hello-frontend.min8a54.js]
[localhost/bianckes/wp-content/plugins/elementor-pro/assets/lib/smartmenus/jquery.smartmenus.minf269.js]
[localhost/bianckes/wp-content/plugins/elementor/assets/lib/jquery-numerator/jquery-numerator.min3958.js]
[localhost/bianckes/wp-content/plugins/elementor-pro/assets/js/webpack-pro.runtime.minac9e.js]
[localhost/bianckes/wp-content/plugins/elementor/assets/js/webpack.runtime.minde8f.js]
[localhost/bianckes/wp-content/plugins/elementor/assets/js/frontend-modules.minde8f.js]
[localhost/bianckes/wp-includes/js/dist/hooks.min4fdd.js]
[localhost/bianckes/wp-includes/js/dist/i18n.minc33c.js]
[localhost/bianckes/wp-content/plugins/elementor-pro/assets/js/frontend.minac9e.js]
[localhost/bianckes/wp-content/plugins/elementor/assets/lib/waypoints/waypoints.min05da.js]
[localhost/bianckes/wp-includes/js/jquery/ui/core.minb37e.js]
[localhost/bianckes/wp-content/plugins/elementor/assets/js/frontend.minde8f.js]
[localhost/bianckes/wp-content/plugins/elementor-pro/assets/js/elements-handlers.minac9e.js]
[localhost/bianckes/index.html]
[localhost/bianckes/wp-content/themes/designocracy/style.minc141.css]
[localhost/bianckes/wp-content/themes/designocracy/theme.minc141.css]
[localhost/bianckes/wp-content/plugins/elementor/assets/css/frontend-lite.minde8f.css]
[localhost/bianckes/wp-content/uploads/elementor/css/post-8f082.css]
[localhost/bianckes/wp-content/plugins/elementor/assets/lib/swiper/v8/css/swiper.min94a4.css]
[localhost/bianckes/wp-content/plugins/elementor-pro/assets/css/frontend-lite.minac9e.css]
[localhost/bianckes/wp-content/uploads/elementor/css/globaldb28.css]
[localhost/bianckes/wp-content/uploads/2024/04/smoke-33800-1.png]
[localhost/bianckes/wp-content/uploads/2024/04/pngwing-4.png]
[localhost/bianckes/wp-content/uploads/2024/04/Ellipse-9.png]
[localhost/bianckes/wp-content/uploads/elementor/css/post-21154e.css]
[localhost/bianckes/wp-content/uploads/elementor/css/post-141f0f.css]
[localhost/bianckes/wp-content/uploads/elementor/css/post-100a619.css]
[localhost/bianckes/wp-content/plugins/elementor-pro/assets/css/widget-nav-menu.min.css]
[localhost/bianckes/wp-content/plugins/elementor/assets/css/widget-icon-list.min.css]
